Number of processors:  76
10
DETAILS OF RUN WITH INDEX: 10
################### Beginning of run 10 ###################
|t'| = 1.0, d = 0.2, L = 150
Averaging: 1 / 65
Averaging: 2 / 65
Averaging: 3 / 65
Averaging: 4 / 65
Averaging: 5 / 65
Averaging: 6 / 65
Averaging: 7 / 65
Averaging: 8 / 65
Averaging: 9 / 65
Averaging: 10 / 65
Averaging: 11 / 65
Averaging: 12 / 65
Averaging: 13 / 65
Averaging: 14 / 65
Averaging: 15 / 65
Averaging: 16 / 65
Averaging: 17 / 65
Averaging: 18 / 65
Averaging: 19 / 65
Averaging: 20 / 65
Averaging: 21 / 65
Averaging: 22 / 65
Averaging: 23 / 65
Averaging: 24 / 65
Averaging: 25 / 65
Averaging: 26 / 65
Averaging: 27 / 65
Averaging: 28 / 65
Averaging: 29 / 65
Averaging: 30 / 65
Averaging: 31 / 65
Averaging: 32 / 65
Averaging: 33 / 65
Averaging: 34 / 65
Averaging: 35 / 65
Averaging: 36 / 65
Averaging: 37 / 65
Averaging: 38 / 65
Averaging: 39 / 65
Averaging: 40 / 65
Averaging: 41 / 65
Averaging: 42 / 65
Averaging: 43 / 65
Averaging: 44 / 65
Averaging: 45 / 65
Averaging: 46 / 65
Averaging: 47 / 65
Averaging: 48 / 65
Averaging: 49 / 65
Averaging: 50 / 65
Averaging: 51 / 65
Averaging: 52 / 65
Averaging: 53 / 65
Averaging: 54 / 65
Averaging: 55 / 65
Averaging: 56 / 65
Averaging: 57 / 65
Averaging: 58 / 65
Averaging: 59 / 65
Averaging: 60 / 65
Averaging: 61 / 65
Averaging: 62 / 65
Averaging: 63 / 65
Averaging: 64 / 65
Averaging: 65 / 65
1
DETAILS OF RUN WITH INDEX: 1
################### Beginning of run 1 ###################
|t'| = 0.0, d = 0.2, L = 150
Averaging: 1 / 65
Averaging: 2 / 65
Averaging: 3 / 65
Averaging: 4 / 65
Averaging: 5 / 65
Averaging: 6 / 65
Averaging: 7 / 65
Averaging: 8 / 65
Averaging: 9 / 65
Averaging: 10 / 65
Averaging: 11 / 65
Averaging: 12 / 65
Averaging: 13 / 65
Averaging: 14 / 65
Averaging: 15 / 65
Averaging: 16 / 65
Averaging: 17 / 65
Averaging: 18 / 65
Averaging: 19 / 65
Averaging: 20 / 65
Averaging: 21 / 65
Averaging: 22 / 65
Averaging: 23 / 65
Averaging: 24 / 65
Averaging: 25 / 65
Averaging: 26 / 65
Averaging: 27 / 65
Averaging: 28 / 65
Averaging: 29 / 65
Averaging: 30 / 65
Averaging: 31 / 65
Averaging: 32 / 65
Averaging: 33 / 65
Averaging: 34 / 65
Averaging: 35 / 65
Averaging: 36 / 65
Averaging: 37 / 65
Averaging: 38 / 65
Averaging: 39 / 65
Averaging: 40 / 65
Averaging: 41 / 65
Averaging: 42 / 65
Averaging: 43 / 65
Averaging: 44 / 65
Averaging: 45 / 65
Averaging: 46 / 65
Averaging: 47 / 65
Averaging: 48 / 65
Averaging: 49 / 65
Averaging: 50 / 65
Averaging: 51 / 65
Averaging: 52 / 65
Averaging: 53 / 65
Averaging: 54 / 65
Averaging: 55 / 65
Averaging: 56 / 65
Averaging: 57 / 65
Averaging: 58 / 65
Averaging: 59 / 65
Averaging: 60 / 65
Averaging: 61 / 65
Averaging: 62 / 65
Averaging: 63 / 65
Averaging: 64 / 65
Averaging: 65 / 65
2
DETAILS OF RUN WITH INDEX: 2
################### Beginning of run 2 ###################
|t'| = 0.0, d = 0.25, L = 150
Averaging: 1 / 65
Averaging: 2 / 65
Averaging: 3 / 65
Averaging: 4 / 65
Averaging: 5 / 65
Averaging: 6 / 65
Averaging: 7 / 65
Averaging: 8 / 65
Averaging: 9 / 65
Averaging: 10 / 65
Averaging: 11 / 65
Averaging: 12 / 65
Averaging: 13 / 65
Averaging: 14 / 65
Averaging: 15 / 65
Averaging: 16 / 65
Averaging: 17 / 65
Averaging: 18 / 65
Averaging: 19 / 65
Averaging: 20 / 65
Averaging: 21 / 65
Averaging: 22 / 65
Averaging: 23 / 65
Averaging: 24 / 65
Averaging: 25 / 65
Averaging: 26 / 65
Averaging: 27 / 65
Averaging: 28 / 65
Averaging: 29 / 65
Averaging: 30 / 65
Averaging: 31 / 65
Averaging: 32 / 65
Averaging: 33 / 65
Averaging: 34 / 65
Averaging: 35 / 65
Averaging: 36 / 65
Averaging: 37 / 65
Averaging: 38 / 65
Averaging: 39 / 65
Averaging: 40 / 65
Averaging: 41 / 65
Averaging: 42 / 65
Averaging: 43 / 65
Averaging: 44 / 65
Averaging: 45 / 65
Averaging: 46 / 65
Averaging: 47 / 65
Averaging: 48 / 65
Averaging: 49 / 65
Averaging: 50 / 65
Averaging: 51 / 65
Averaging: 52 / 65
Averaging: 53 / 65
Averaging: 54 / 65
Averaging: 55 / 65
Averaging: 56 / 65
Averaging: 57 / 65
Averaging: 58 / 65
Averaging: 59 / 65
Averaging: 60 / 65
Averaging: 61 / 65
Averaging: 62 / 65
Averaging: 63 / 65
Averaging: 64 / 65
Averaging: 65 / 65
11
DETAILS OF RUN WITH INDEX: 11
################### Beginning of run 11 ###################
|t'| = 1.0, d = 0.25, L = 150
Averaging: 1 / 65
Averaging: 2 / 65
Averaging: 3 / 65
Averaging: 4 / 65
Averaging: 5 / 65
Averaging: 6 / 65
Averaging: 7 / 65
Averaging: 8 / 65
Averaging: 9 / 65
Averaging: 10 / 65
Averaging: 11 / 65
Averaging: 12 / 65
Averaging: 13 / 65
Averaging: 14 / 65
Averaging: 15 / 65
Averaging: 16 / 65
Averaging: 17 / 65
Averaging: 18 / 65
Averaging: 19 / 65
Averaging: 20 / 65
Averaging: 21 / 65
Averaging: 22 / 65
Averaging: 23 / 65
Averaging: 24 / 65
Averaging: 25 / 65
Averaging: 26 / 65
Averaging: 27 / 65
Averaging: 28 / 65
Averaging: 29 / 65
Averaging: 30 / 65
Averaging: 31 / 65
Averaging: 32 / 65
Averaging: 33 / 65
Averaging: 34 / 65
Averaging: 35 / 65
Averaging: 36 / 65
Averaging: 37 / 65
Averaging: 38 / 65
Averaging: 39 / 65
Averaging: 40 / 65
Averaging: 41 / 65
Averaging: 42 / 65
Averaging: 43 / 65
Averaging: 44 / 65
Averaging: 45 / 65
Averaging: 46 / 65
Averaging: 47 / 65
Averaging: 48 / 65
Averaging: 49 / 65
Averaging: 50 / 65
Averaging: 51 / 65
Averaging: 52 / 65
Averaging: 53 / 65
Averaging: 54 / 65
Averaging: 55 / 65
Averaging: 56 / 65
Averaging: 57 / 65
Averaging: 58 / 65
Averaging: 59 / 65
Averaging: 60 / 65
Averaging: 61 / 65
Averaging: 62 / 65
Averaging: 63 / 65
Averaging: 64 / 65
Averaging: 65 / 65
18
DETAILS OF RUN WITH INDEX: 18
################### Beginning of run 18 ###################
|t'| = 1.0, d = 0.6, L = 150
Averaging: 1 / 65
Averaging: 2 / 65
Averaging: 3 / 65
Averaging: 4 / 65
Averaging: 5 / 65
Averaging: 6 / 65
Averaging: 7 / 65
Averaging: 8 / 65
Averaging: 9 / 65
Averaging: 10 / 65
Averaging: 11 / 65
Averaging: 12 / 65
Averaging: 13 / 65
Averaging: 14 / 65
Averaging: 15 / 65
Averaging: 16 / 65
Averaging: 17 / 65
Averaging: 18 / 65
Averaging: 19 / 65
Averaging: 20 / 65
Averaging: 21 / 65
Averaging: 22 / 65
Averaging: 23 / 65
Averaging: 24 / 65
Averaging: 25 / 65
Averaging: 26 / 65
Averaging: 27 / 65
Averaging: 28 / 65
Averaging: 29 / 65
Averaging: 30 / 65
Averaging: 31 / 65
Averaging: 32 / 65
Averaging: 33 / 65
Averaging: 34 / 65
Averaging: 35 / 65
Averaging: 36 / 65
Averaging: 37 / 65
Averaging: 38 / 65
Averaging: 39 / 65
Averaging: 40 / 65
Averaging: 41 / 65
Averaging: 42 / 65
Averaging: 43 / 65
Averaging: 44 / 65
Averaging: 45 / 65
Averaging: 46 / 65
Averaging: 47 / 65
Averaging: 48 / 65
Averaging: 49 / 65
Averaging: 50 / 65
Averaging: 51 / 65
Averaging: 52 / 65
Averaging: 53 / 65
Averaging: 54 / 65
Averaging: 55 / 65
Averaging: 56 / 65
Averaging: 57 / 65
Averaging: 58 / 65
Averaging: 59 / 65
Averaging: 60 / 65
Averaging: 61 / 65
Averaging: 62 / 65
Averaging: 63 / 65
Averaging: 64 / 65
Averaging: 65 / 65
6
DETAILS OF RUN WITH INDEX: 6
################### Beginning of run 6 ###################
|t'| = 0.0, d = 0.45, L = 150
Averaging: 1 / 65
Averaging: 2 / 65
Averaging: 3 / 65
Averaging: 4 / 65
Averaging: 5 / 65
Averaging: 6 / 65
Averaging: 7 / 65
Averaging: 8 / 65
Averaging: 9 / 65
Averaging: 10 / 65
Averaging: 11 / 65
Averaging: 12 / 65
Averaging: 13 / 65
Averaging: 14 / 65
Averaging: 15 / 65
Averaging: 16 / 65
Averaging: 17 / 65
Averaging: 18 / 65
Averaging: 19 / 65
Averaging: 20 / 65
Averaging: 21 / 65
Averaging: 22 / 65
Averaging: 23 / 65
Averaging: 24 / 65
Averaging: 25 / 65
Averaging: 26 / 65
Averaging: 27 / 65
Averaging: 28 / 65
Averaging: 29 / 65
Averaging: 30 / 65
Averaging: 31 / 65
Averaging: 32 / 65
Averaging: 33 / 65
Averaging: 34 / 65
Averaging: 35 / 65
Averaging: 36 / 65
Averaging: 37 / 65
Averaging: 38 / 65
Averaging: 39 / 65
Averaging: 40 / 65
Averaging: 41 / 65
Averaging: 42 / 65
Averaging: 43 / 65
Averaging: 44 / 65
Averaging: 45 / 65
Averaging: 46 / 65
Averaging: 47 / 65
Averaging: 48 / 65
Averaging: 49 / 65
Averaging: 50 / 65
Averaging: 51 / 65
Averaging: 52 / 65
Averaging: 53 / 65
Averaging: 54 / 65
Averaging: 55 / 65
Averaging: 56 / 65
Averaging: 57 / 65
Averaging: 58 / 65
Averaging: 59 / 65
Averaging: 60 / 65
Averaging: 61 / 65
Averaging: 62 / 65
Averaging: 63 / 65
Averaging: 64 / 65
Averaging: 65 / 65
12
DETAILS OF RUN WITH INDEX: 12
################### Beginning of run 12 ###################
|t'| = 1.0, d = 0.3, L = 150
Averaging: 1 / 65
Averaging: 2 / 65
Averaging: 3 / 65
Averaging: 4 / 65
Averaging: 5 / 65
Averaging: 6 / 65
Averaging: 7 / 65
Averaging: 8 / 65
Averaging: 9 / 65
Averaging: 10 / 65
Averaging: 11 / 65
Averaging: 12 / 65
Averaging: 13 / 65
Averaging: 14 / 65
Averaging: 15 / 65
Averaging: 16 / 65
Averaging: 17 / 65
Averaging: 18 / 65
Averaging: 19 / 65
Averaging: 20 / 65
Averaging: 21 / 65
Averaging: 22 / 65
Averaging: 23 / 65
Averaging: 24 / 65
Averaging: 25 / 65
Averaging: 26 / 65
Averaging: 27 / 65
Averaging: 28 / 65
Averaging: 29 / 65
Averaging: 30 / 65
Averaging: 31 / 65
Averaging: 32 / 65
Averaging: 33 / 65
Averaging: 34 / 65
Averaging: 35 / 65
Averaging: 36 / 65
Averaging: 37 / 65
Averaging: 38 / 65
Averaging: 39 / 65
Averaging: 40 / 65
Averaging: 41 / 65
Averaging: 42 / 65
Averaging: 43 / 65
Averaging: 44 / 65
Averaging: 45 / 65
Averaging: 46 / 65
Averaging: 47 / 65
Averaging: 48 / 65
Averaging: 49 / 65
Averaging: 50 / 65
Averaging: 51 / 65
Averaging: 52 / 65
Averaging: 53 / 65
Averaging: 54 / 65
Averaging: 55 / 65
Averaging: 56 / 65
Averaging: 57 / 65
Averaging: 58 / 65
Averaging: 59 / 65
Averaging: 60 / 65
Averaging: 61 / 65
Averaging: 62 / 65
Averaging: 63 / 65
Averaging: 64 / 65
Averaging: 65 / 65
5
DETAILS OF RUN WITH INDEX: 5
################### Beginning of run 5 ###################
|t'| = 0.0, d = 0.4, L = 150
Averaging: 1 / 65
Averaging: 2 / 65
Averaging: 3 / 65
Averaging: 4 / 65
Averaging: 5 / 65
Averaging: 6 / 65
Averaging: 7 / 65
Averaging: 8 / 65
Averaging: 9 / 65
Averaging: 10 / 65
Averaging: 11 / 65
Averaging: 12 / 65
Averaging: 13 / 65
Averaging: 14 / 65
Averaging: 15 / 65
Averaging: 16 / 65
Averaging: 17 / 65
Averaging: 18 / 65
Averaging: 19 / 65
Averaging: 20 / 65
Averaging: 21 / 65
Averaging: 22 / 65
Averaging: 23 / 65
Averaging: 24 / 65
Averaging: 25 / 65
Averaging: 26 / 65
Averaging: 27 / 65
Averaging: 28 / 65
Averaging: 29 / 65
Averaging: 30 / 65
Averaging: 31 / 65
Averaging: 32 / 65
Averaging: 33 / 65
Averaging: 34 / 65
Averaging: 35 / 65
Averaging: 36 / 65
Averaging: 37 / 65
Averaging: 38 / 65
Averaging: 39 / 65
Averaging: 40 / 65
Averaging: 41 / 65
Averaging: 42 / 65
Averaging: 43 / 65
Averaging: 44 / 65
Averaging: 45 / 65
Averaging: 46 / 65
Averaging: 47 / 65
Averaging: 48 / 65
Averaging: 49 / 65
Averaging: 50 / 65
Averaging: 51 / 65
Averaging: 52 / 65
Averaging: 53 / 65
Averaging: 54 / 65
Averaging: 55 / 65
Averaging: 56 / 65
Averaging: 57 / 65
Averaging: 58 / 65
Averaging: 59 / 65
Averaging: 60 / 65
Averaging: 61 / 65
Averaging: 62 / 65
Averaging: 63 / 65
Averaging: 64 / 65
Averaging: 65 / 65
13
DETAILS OF RUN WITH INDEX: 13
################### Beginning of run 13 ###################
|t'| = 1.0, d = 0.35, L = 150
Averaging: 1 / 65
Averaging: 2 / 65
Averaging: 3 / 65
Averaging: 4 / 65
Averaging: 5 / 65
Averaging: 6 / 65
Averaging: 7 / 65
Averaging: 8 / 65
Averaging: 9 / 65
Averaging: 10 / 65
Averaging: 11 / 65
Averaging: 12 / 65
Averaging: 13 / 65
Averaging: 14 / 65
Averaging: 15 / 65
Averaging: 16 / 65
Averaging: 17 / 65
Averaging: 18 / 65
Averaging: 19 / 65
Averaging: 20 / 65
Averaging: 21 / 65
Averaging: 22 / 65
Averaging: 23 / 65
Averaging: 24 / 65
Averaging: 25 / 65
Averaging: 26 / 65
Averaging: 27 / 65
Averaging: 28 / 65
Averaging: 29 / 65
Averaging: 30 / 65
Averaging: 31 / 65
Averaging: 32 / 65
Averaging: 33 / 65
Averaging: 34 / 65
Averaging: 35 / 65
Averaging: 36 / 65
Averaging: 37 / 65
Averaging: 38 / 65
Averaging: 39 / 65
Averaging: 40 / 65
Averaging: 41 / 65
Averaging: 42 / 65
Averaging: 43 / 65
Averaging: 44 / 65
Averaging: 45 / 65
Averaging: 46 / 65
Averaging: 47 / 65
Averaging: 48 / 65
Averaging: 49 / 65
Averaging: 50 / 65
Averaging: 51 / 65
Averaging: 52 / 65
Averaging: 53 / 65
Averaging: 54 / 65
Averaging: 55 / 65
Averaging: 56 / 65
Averaging: 57 / 65
Averaging: 58 / 65
Averaging: 59 / 65
Averaging: 60 / 65
Averaging: 61 / 65
Averaging: 62 / 65
Averaging: 63 / 65
Averaging: 64 / 65
Averaging: 65 / 65
16
DETAILS OF RUN WITH INDEX: 16
################### Beginning of run 16 ###################
|t'| = 1.0, d = 0.5, L = 150
Averaging: 1 / 65
Averaging: 2 / 65
Averaging: 3 / 65
Averaging: 4 / 65
Averaging: 5 / 65
Averaging: 6 / 65
Averaging: 7 / 65
Averaging: 8 / 65
Averaging: 9 / 65
Averaging: 10 / 65
Averaging: 11 / 65
Averaging: 12 / 65
Averaging: 13 / 65
Averaging: 14 / 65
Averaging: 15 / 65
Averaging: 16 / 65
Averaging: 17 / 65
Averaging: 18 / 65
Averaging: 19 / 65
Averaging: 20 / 65
Averaging: 21 / 65
Averaging: 22 / 65
Averaging: 23 / 65
Averaging: 24 / 65
Averaging: 25 / 65
Averaging: 26 / 65
Averaging: 27 / 65
Averaging: 28 / 65
Averaging: 29 / 65
Averaging: 30 / 65
Averaging: 31 / 65
Averaging: 32 / 65
Averaging: 33 / 65
Averaging: 34 / 65
Averaging: 35 / 65
Averaging: 36 / 65
Averaging: 37 / 65
Averaging: 38 / 65
Averaging: 39 / 65
Averaging: 40 / 65
Averaging: 41 / 65
Averaging: 42 / 65
Averaging: 43 / 65
Averaging: 44 / 65
Averaging: 45 / 65
Averaging: 46 / 65
Averaging: 47 / 65
Averaging: 48 / 65
Averaging: 49 / 65
Averaging: 50 / 65
Averaging: 51 / 65
Averaging: 52 / 65
Averaging: 53 / 65
Averaging: 54 / 65
Averaging: 55 / 65
Averaging: 56 / 65
Averaging: 57 / 65
Averaging: 58 / 65
Averaging: 59 / 65
Averaging: 60 / 65
Averaging: 61 / 65
Averaging: 62 / 65
Averaging: 63 / 65
Averaging: 64 / 65
Averaging: 65 / 65
7
DETAILS OF RUN WITH INDEX: 7
################### Beginning of run 7 ###################
|t'| = 0.0, d = 0.5, L = 150
Averaging: 1 / 65
Averaging: 2 / 65
Averaging: 3 / 65
Averaging: 4 / 65
Averaging: 5 / 65
Averaging: 6 / 65
Averaging: 7 / 65
Averaging: 8 / 65
Averaging: 9 / 65
Averaging: 10 / 65
Averaging: 11 / 65
Averaging: 12 / 65
Averaging: 13 / 65
Averaging: 14 / 65
Averaging: 15 / 65
Averaging: 16 / 65
Averaging: 17 / 65
Averaging: 18 / 65
Averaging: 19 / 65
Averaging: 20 / 65
Averaging: 21 / 65
Averaging: 22 / 65
Averaging: 23 / 65
Averaging: 24 / 65
Averaging: 25 / 65
Averaging: 26 / 65
Averaging: 27 / 65
Averaging: 28 / 65
Averaging: 29 / 65
Averaging: 30 / 65
Averaging: 31 / 65
Averaging: 32 / 65
Averaging: 33 / 65
Averaging: 34 / 65
Averaging: 35 / 65
Averaging: 36 / 65
Averaging: 37 / 65
Averaging: 38 / 65
Averaging: 39 / 65
Averaging: 40 / 65
Averaging: 41 / 65
Averaging: 42 / 65
Averaging: 43 / 65
Averaging: 44 / 65
Averaging: 45 / 65
Averaging: 46 / 65
Averaging: 47 / 65
Averaging: 48 / 65
Averaging: 49 / 65
Averaging: 50 / 65
Averaging: 51 / 65
Averaging: 52 / 65
Averaging: 53 / 65
Averaging: 54 / 65
Averaging: 55 / 65
Averaging: 56 / 65
Averaging: 57 / 65
Averaging: 58 / 65
Averaging: 59 / 65
Averaging: 60 / 65
Averaging: 61 / 65
Averaging: 62 / 65
Averaging: 63 / 65
Averaging: 64 / 65
Averaging: 65 / 65
3
DETAILS OF RUN WITH INDEX: 3
################### Beginning of run 3 ###################
|t'| = 0.0, d = 0.3, L = 150
Averaging: 1 / 65
Averaging: 2 / 65
Averaging: 3 / 65
Averaging: 4 / 65
Averaging: 5 / 65
Averaging: 6 / 65
Averaging: 7 / 65
Averaging: 8 / 65
Averaging: 9 / 65
Averaging: 10 / 65
Averaging: 11 / 65
Averaging: 12 / 65
Averaging: 13 / 65
Averaging: 14 / 65
Averaging: 15 / 65
Averaging: 16 / 65
Averaging: 17 / 65
Averaging: 18 / 65
Averaging: 19 / 65
Averaging: 20 / 65
Averaging: 21 / 65
Averaging: 22 / 65
Averaging: 23 / 65
Averaging: 24 / 65
Averaging: 25 / 65
Averaging: 26 / 65
Averaging: 27 / 65
Averaging: 28 / 65
Averaging: 29 / 65
Averaging: 30 / 65
Averaging: 31 / 65
Averaging: 32 / 65
Averaging: 33 / 65
Averaging: 34 / 65
Averaging: 35 / 65
Averaging: 36 / 65
Averaging: 37 / 65
Averaging: 38 / 65
Averaging: 39 / 65
Averaging: 40 / 65
Averaging: 41 / 65
Averaging: 42 / 65
Averaging: 43 / 65
Averaging: 44 / 65
Averaging: 45 / 65
Averaging: 46 / 65
Averaging: 47 / 65
Averaging: 48 / 65
Averaging: 49 / 65
Averaging: 50 / 65
Averaging: 51 / 65
Averaging: 52 / 65
Averaging: 53 / 65
Averaging: 54 / 65
Averaging: 55 / 65
Averaging: 56 / 65
Averaging: 57 / 65
Averaging: 58 / 65
Averaging: 59 / 65
Averaging: 60 / 65
Averaging: 61 / 65
Averaging: 62 / 65
Averaging: 63 / 65
Averaging: 64 / 65
Averaging: 65 / 65
8
DETAILS OF RUN WITH INDEX: 8
################### Beginning of run 8 ###################
|t'| = 0.0, d = 0.55, L = 150
Averaging: 1 / 65
Averaging: 2 / 65
Averaging: 3 / 65
Averaging: 4 / 65
Averaging: 5 / 65
Averaging: 6 / 65
Averaging: 7 / 65
Averaging: 8 / 65
Averaging: 9 / 65
Averaging: 10 / 65
Averaging: 11 / 65
Averaging: 12 / 65
Averaging: 13 / 65
Averaging: 14 / 65
Averaging: 15 / 65
Averaging: 16 / 65
Averaging: 17 / 65
Averaging: 18 / 65
Averaging: 19 / 65
Averaging: 20 / 65
Averaging: 21 / 65
Averaging: 22 / 65
Averaging: 23 / 65
Averaging: 24 / 65
Averaging: 25 / 65
Averaging: 26 / 65
Averaging: 27 / 65
Averaging: 28 / 65
Averaging: 29 / 65
Averaging: 30 / 65
Averaging: 31 / 65
Averaging: 32 / 65
Averaging: 33 / 65
Averaging: 34 / 65
Averaging: 35 / 65
Averaging: 36 / 65
Averaging: 37 / 65
Averaging: 38 / 65
Averaging: 39 / 65
Averaging: 40 / 65
Averaging: 41 / 65
Averaging: 42 / 65
Averaging: 43 / 65
Averaging: 44 / 65
Averaging: 45 / 65
Averaging: 46 / 65
Averaging: 47 / 65
Averaging: 48 / 65
Averaging: 49 / 65
Averaging: 50 / 65
Averaging: 51 / 65
Averaging: 52 / 65
Averaging: 53 / 65
Averaging: 54 / 65
Averaging: 55 / 65
Averaging: 56 / 65
Averaging: 57 / 65
Averaging: 58 / 65
Averaging: 59 / 65
Averaging: 60 / 65
Averaging: 61 / 65
Averaging: 62 / 65
Averaging: 63 / 65
Averaging: 64 / 65
Averaging: 65 / 65
15
DETAILS OF RUN WITH INDEX: 15
################### Beginning of run 15 ###################
|t'| = 1.0, d = 0.45, L = 150
Averaging: 1 / 65
Averaging: 2 / 65
Averaging: 3 / 65
Averaging: 4 / 65
Averaging: 5 / 65
Averaging: 6 / 65
Averaging: 7 / 65
Averaging: 8 / 65
Averaging: 9 / 65
Averaging: 10 / 65
Averaging: 11 / 65
Averaging: 12 / 65
Averaging: 13 / 65
Averaging: 14 / 65
Averaging: 15 / 65
Averaging: 16 / 65
Averaging: 17 / 65
Averaging: 18 / 65
Averaging: 19 / 65
Averaging: 20 / 65
Averaging: 21 / 65
Averaging: 22 / 65
Averaging: 23 / 65
Averaging: 24 / 65
Averaging: 25 / 65
Averaging: 26 / 65
Averaging: 27 / 65
Averaging: 28 / 65
Averaging: 29 / 65
Averaging: 30 / 65
Averaging: 31 / 65
Averaging: 32 / 65
Averaging: 33 / 65
Averaging: 34 / 65
Averaging: 35 / 65
Averaging: 36 / 65
Averaging: 37 / 65
Averaging: 38 / 65
Averaging: 39 / 65
Averaging: 40 / 65
Averaging: 41 / 65
Averaging: 42 / 65
Averaging: 43 / 65
Averaging: 44 / 65
Averaging: 45 / 65
Averaging: 46 / 65
Averaging: 47 / 65
Averaging: 48 / 65
Averaging: 49 / 65
Averaging: 50 / 65
Averaging: 51 / 65
Averaging: 52 / 65
Averaging: 53 / 65
Averaging: 54 / 65
Averaging: 55 / 65
Averaging: 56 / 65
Averaging: 57 / 65
Averaging: 58 / 65
Averaging: 59 / 65
Averaging: 60 / 65
Averaging: 61 / 65
Averaging: 62 / 65
Averaging: 63 / 65
Averaging: 64 / 65
Averaging: 65 / 65
14
DETAILS OF RUN WITH INDEX: 14
################### Beginning of run 14 ###################
|t'| = 1.0, d = 0.4, L = 150
Averaging: 1 / 65
Averaging: 2 / 65
Averaging: 3 / 65
Averaging: 4 / 65
Averaging: 5 / 65
Averaging: 6 / 65
Averaging: 7 / 65
Averaging: 8 / 65
Averaging: 9 / 65
Averaging: 10 / 65
Averaging: 11 / 65
Averaging: 12 / 65
Averaging: 13 / 65
Averaging: 14 / 65
Averaging: 15 / 65
Averaging: 16 / 65
Averaging: 17 / 65
Averaging: 18 / 65
Averaging: 19 / 65
Averaging: 20 / 65
Averaging: 21 / 65
Averaging: 22 / 65
Averaging: 23 / 65
Averaging: 24 / 65
Averaging: 25 / 65
Averaging: 26 / 65
Averaging: 27 / 65
Averaging: 28 / 65
Averaging: 29 / 65
Averaging: 30 / 65
Averaging: 31 / 65
Averaging: 32 / 65
Averaging: 33 / 65
Averaging: 34 / 65
Averaging: 35 / 65
Averaging: 36 / 65
Averaging: 37 / 65
Averaging: 38 / 65
Averaging: 39 / 65
Averaging: 40 / 65
Averaging: 41 / 65
Averaging: 42 / 65
Averaging: 43 / 65
Averaging: 44 / 65
Averaging: 45 / 65
Averaging: 46 / 65
Averaging: 47 / 65
Averaging: 48 / 65
Averaging: 49 / 65
Averaging: 50 / 65
Averaging: 51 / 65
Averaging: 52 / 65
Averaging: 53 / 65
Averaging: 54 / 65
Averaging: 55 / 65
Averaging: 56 / 65
Averaging: 57 / 65
Averaging: 58 / 65
Averaging: 59 / 65
Averaging: 60 / 65
Averaging: 61 / 65
Averaging: 62 / 65
Averaging: 63 / 65
Averaging: 64 / 65
Averaging: 65 / 65
4
DETAILS OF RUN WITH INDEX: 4
################### Beginning of run 4 ###################
|t'| = 0.0, d = 0.35, L = 150
Averaging: 1 / 65
Averaging: 2 / 65
Averaging: 3 / 65
Averaging: 4 / 65
Averaging: 5 / 65
Averaging: 6 / 65
Averaging: 7 / 65
Averaging: 8 / 65
Averaging: 9 / 65
Averaging: 10 / 65
Averaging: 11 / 65
Averaging: 12 / 65
Averaging: 13 / 65
Averaging: 14 / 65
Averaging: 15 / 65
Averaging: 16 / 65
Averaging: 17 / 65
Averaging: 18 / 65
Averaging: 19 / 65
Averaging: 20 / 65
Averaging: 21 / 65
Averaging: 22 / 65
Averaging: 23 / 65
Averaging: 24 / 65
Averaging: 25 / 65
Averaging: 26 / 65
Averaging: 27 / 65
Averaging: 28 / 65
Averaging: 29 / 65
Averaging: 30 / 65
Averaging: 31 / 65
Averaging: 32 / 65
Averaging: 33 / 65
Averaging: 34 / 65
Averaging: 35 / 65
Averaging: 36 / 65
Averaging: 37 / 65
Averaging: 38 / 65
Averaging: 39 / 65
Averaging: 40 / 65
Averaging: 41 / 65
Averaging: 42 / 65
Averaging: 43 / 65
Averaging: 44 / 65
Averaging: 45 / 65
Averaging: 46 / 65
Averaging: 47 / 65
Averaging: 48 / 65
Averaging: 49 / 65
Averaging: 50 / 65
Averaging: 51 / 65
Averaging: 52 / 65
Averaging: 53 / 65
Averaging: 54 / 65
Averaging: 55 / 65
Averaging: 56 / 65
Averaging: 57 / 65
Averaging: 58 / 65
Averaging: 59 / 65
Averaging: 60 / 65
Averaging: 61 / 65
Averaging: 62 / 65
Averaging: 63 / 65
Averaging: 64 / 65
Averaging: 65 / 65
9
DETAILS OF RUN WITH INDEX: 9
################### Beginning of run 9 ###################
|t'| = 0.0, d = 0.6, L = 150
Averaging: 1 / 65
Averaging: 2 / 65
Averaging: 3 / 65
Averaging: 4 / 65
Averaging: 5 / 65
Averaging: 6 / 65
Averaging: 7 / 65
Averaging: 8 / 65
Averaging: 9 / 65
Averaging: 10 / 65
Averaging: 11 / 65
Averaging: 12 / 65
Averaging: 13 / 65
Averaging: 14 / 65
Averaging: 15 / 65
Averaging: 16 / 65
Averaging: 17 / 65
Averaging: 18 / 65
Averaging: 19 / 65
Averaging: 20 / 65
Averaging: 21 / 65
Averaging: 22 / 65
Averaging: 23 / 65
Averaging: 24 / 65
Averaging: 25 / 65
Averaging: 26 / 65
Averaging: 27 / 65
Averaging: 28 / 65
Averaging: 29 / 65
Averaging: 30 / 65
Averaging: 31 / 65
Averaging: 32 / 65
Averaging: 33 / 65
Averaging: 34 / 65
Averaging: 35 / 65
Averaging: 36 / 65
Averaging: 37 / 65
Averaging: 38 / 65
Averaging: 39 / 65
Averaging: 40 / 65
Averaging: 41 / 65
Averaging: 42 / 65
Averaging: 43 / 65
Averaging: 44 / 65
Averaging: 45 / 65
Averaging: 46 / 65
Averaging: 47 / 65
Averaging: 48 / 65
Averaging: 49 / 65
Averaging: 50 / 65
Averaging: 51 / 65
Averaging: 52 / 65
Averaging: 53 / 65
Averaging: 54 / 65
Averaging: 55 / 65
Averaging: 56 / 65
Averaging: 57 / 65
Averaging: 58 / 65
Averaging: 59 / 65
Averaging: 60 / 65
Averaging: 61 / 65
Averaging: 62 / 65
Averaging: 63 / 65
Averaging: 64 / 65
Averaging: 65 / 65
17
DETAILS OF RUN WITH INDEX: 17
################### Beginning of run 17 ###################
|t'| = 1.0, d = 0.55, L = 150
Averaging: 1 / 65
Averaging: 2 / 65
Averaging: 3 / 65
Averaging: 4 / 65
Averaging: 5 / 65
Averaging: 6 / 65
Averaging: 7 / 65
Averaging: 8 / 65
Averaging: 9 / 65
Averaging: 10 / 65
Averaging: 11 / 65
Averaging: 12 / 65
Averaging: 13 / 65
Averaging: 14 / 65
Averaging: 15 / 65
Averaging: 16 / 65
Averaging: 17 / 65
Averaging: 18 / 65
Averaging: 19 / 65
Averaging: 20 / 65
Averaging: 21 / 65
Averaging: 22 / 65
Averaging: 23 / 65
Averaging: 24 / 65
Averaging: 25 / 65
Averaging: 26 / 65
Averaging: 27 / 65
Averaging: 28 / 65
Averaging: 29 / 65
Averaging: 30 / 65
Averaging: 31 / 65
Averaging: 32 / 65
Averaging: 33 / 65
Averaging: 34 / 65
Averaging: 35 / 65
Averaging: 36 / 65
Averaging: 37 / 65
Averaging: 38 / 65
Averaging: 39 / 65
Averaging: 40 / 65
Averaging: 41 / 65
Averaging: 42 / 65
Averaging: 43 / 65
Averaging: 44 / 65
Averaging: 45 / 65
Averaging: 46 / 65
Averaging: 47 / 65
Averaging: 48 / 65
Averaging: 49 / 65
Averaging: 50 / 65
Averaging: 51 / 65
Averaging: 52 / 65
Averaging: 53 / 65
Averaging: 54 / 65
Averaging: 55 / 65
Averaging: 56 / 65
Averaging: 57 / 65
Averaging: 58 / 65
Averaging: 59 / 65
Averaging: 60 / 65
Averaging: 61 / 65
Averaging: 62 / 65
Averaging: 63 / 65
Averaging: 64 / 65
Averaging: 65 / 65
