Changed directory to /rds/user/mrn31/hpc-work/euler/runs.

JobID: 55502394
======
Time: Mon 21 Feb 10:14:29 GMT 2022
Running on master node: cpu-e-418
Current directory: /rds/user/mrn31/hpc-work/euler/runs

Nodes allocated:
================
cpu-e-418

numtasks=32, numnodes=1, mpi_tasks_per_node=32 (OMP_NUM_THREADS=1)

Executing command:
==================
mpirun -ppn 32 -np 32  

/home/mrn31/.conda/envs/kwant/lib/python3.8/site-packages/kwant/solvers/default.py:16: RuntimeWarning: MUMPS is not available, SciPy built-in solver will be used as a fallback. Performance can be very poor in this case.
  warnings.warn("MUMPS is not available, "
/home/mrn31/.conda/envs/kwant/lib/python3.8/site-packages/kwant/kpm.py:997: RuntimeWarning: overflow encountered in exp
  return 1 / (1 + np.exp((energy - mu) / temperature))
/home/mrn31/.conda/envs/kwant/lib/python3.8/site-packages/kwant/kpm.py:997: RuntimeWarning: overflow encountered in exp
  return 1 / (1 + np.exp((energy - mu) / temperature))
/home/mrn31/.conda/envs/kwant/lib/python3.8/site-packages/kwant/kpm.py:997: RuntimeWarning: overflow encountered in exp
  return 1 / (1 + np.exp((energy - mu) / temperature))
/home/mrn31/.conda/envs/kwant/lib/python3.8/site-packages/kwant/kpm.py:997: RuntimeWarning: overflow encountered in exp
  return 1 / (1 + np.exp((energy - mu) / temperature))
/home/mrn31/.conda/envs/kwant/lib/python3.8/site-packages/kwant/kpm.py:997: RuntimeWarning: overflow encountered in exp
  return 1 / (1 + np.exp((energy - mu) / temperature))
/home/mrn31/.conda/envs/kwant/lib/python3.8/site-packages/kwant/kpm.py:997: RuntimeWarning: overflow encountered in exp
  return 1 / (1 + np.exp((energy - mu) / temperature))
/home/mrn31/.conda/envs/kwant/lib/python3.8/site-packages/kwant/kpm.py:997: RuntimeWarning: overflow encountered in exp
  return 1 / (1 + np.exp((energy - mu) / temperature))
/home/mrn31/.conda/envs/kwant/lib/python3.8/site-packages/kwant/kpm.py:997: RuntimeWarning: overflow encountered in exp
  return 1 / (1 + np.exp((energy - mu) / temperature))
/home/mrn31/.conda/envs/kwant/lib/python3.8/site-packages/kwant/kpm.py:997: RuntimeWarning: overflow encountered in exp
  return 1 / (1 + np.exp((energy - mu) / temperature))
/home/mrn31/.conda/envs/kwant/lib/python3.8/site-packages/kwant/kpm.py:997: RuntimeWarning: overflow encountered in exp
  return 1 / (1 + np.exp((energy - mu) / temperature))
/home/mrn31/.conda/envs/kwant/lib/python3.8/site-packages/kwant/kpm.py:997: RuntimeWarning: overflow encountered in exp
  return 1 / (1 + np.exp((energy - mu) / temperature))
/home/mrn31/.conda/envs/kwant/lib/python3.8/site-packages/kwant/kpm.py:997: RuntimeWarning: overflow encountered in exp
  return 1 / (1 + np.exp((energy - mu) / temperature))
/home/mrn31/.conda/envs/kwant/lib/python3.8/site-packages/kwant/kpm.py:997: RuntimeWarning: overflow encountered in exp
  return 1 / (1 + np.exp((energy - mu) / temperature))
/home/mrn31/.conda/envs/kwant/lib/python3.8/site-packages/kwant/kpm.py:997: RuntimeWarning: overflow encountered in exp
  return 1 / (1 + np.exp((energy - mu) / temperature))
/home/mrn31/.conda/envs/kwant/lib/python3.8/site-packages/kwant/kpm.py:997: RuntimeWarning: overflow encountered in exp
  return 1 / (1 + np.exp((energy - mu) / temperature))
/home/mrn31/.conda/envs/kwant/lib/python3.8/site-packages/kwant/kpm.py:997: RuntimeWarning: overflow encountered in exp
  return 1 / (1 + np.exp((energy - mu) / temperature))
/home/mrn31/.conda/envs/kwant/lib/python3.8/site-packages/kwant/kpm.py:997: RuntimeWarning: overflow encountered in exp
  return 1 / (1 + np.exp((energy - mu) / temperature))
/home/mrn31/.conda/envs/kwant/lib/python3.8/site-packages/kwant/kpm.py:997: RuntimeWarning: overflow encountered in exp
  return 1 / (1 + np.exp((energy - mu) / temperature))
/home/mrn31/.conda/envs/kwant/lib/python3.8/site-packages/kwant/kpm.py:997: RuntimeWarning: overflow encountered in exp
  return 1 / (1 + np.exp((energy - mu) / temperature))
/home/mrn31/.conda/envs/kwant/lib/python3.8/site-packages/kwant/kpm.py:997: RuntimeWarning: overflow encountered in exp
  return 1 / (1 + np.exp((energy - mu) / temperature))
/home/mrn31/.conda/envs/kwant/lib/python3.8/site-packages/kwant/kpm.py:997: RuntimeWarning: overflow encountered in exp
  return 1 / (1 + np.exp((energy - mu) / temperature))
/home/mrn31/.conda/envs/kwant/lib/python3.8/site-packages/kwant/kpm.py:997: RuntimeWarning: overflow encountered in exp
  return 1 / (1 + np.exp((energy - mu) / temperature))
/home/mrn31/.conda/envs/kwant/lib/python3.8/site-packages/kwant/kpm.py:997: RuntimeWarning: overflow encountered in exp
  return 1 / (1 + np.exp((energy - mu) / temperature))
/home/mrn31/.conda/envs/kwant/lib/python3.8/site-packages/kwant/kpm.py:997: RuntimeWarning: overflow encountered in exp
  return 1 / (1 + np.exp((energy - mu) / temperature))
/home/mrn31/.conda/envs/kwant/lib/python3.8/site-packages/kwant/kpm.py:997: RuntimeWarning: overflow encountered in exp
  return 1 / (1 + np.exp((energy - mu) / temperature))
/home/mrn31/.conda/envs/kwant/lib/python3.8/site-packages/kwant/kpm.py:997: RuntimeWarning: overflow encountered in exp
  return 1 / (1 + np.exp((energy - mu) / temperature))
/home/mrn31/.conda/envs/kwant/lib/python3.8/site-packages/kwant/kpm.py:997: RuntimeWarning: overflow encountered in exp
  return 1 / (1 + np.exp((energy - mu) / temperature))
/home/mrn31/.conda/envs/kwant/lib/python3.8/site-packages/kwant/kpm.py:997: RuntimeWarning: overflow encountered in exp
  return 1 / (1 + np.exp((energy - mu) / temperature))
/home/mrn31/.conda/envs/kwant/lib/python3.8/site-packages/kwant/kpm.py:997: RuntimeWarning: overflow encountered in exp
  return 1 / (1 + np.exp((energy - mu) / temperature))
/home/mrn31/.conda/envs/kwant/lib/python3.8/site-packages/kwant/kpm.py:997: RuntimeWarning: overflow encountered in exp
  return 1 / (1 + np.exp((energy - mu) / temperature))
